[ 2026-01-05 04:10:18,902 ] 42 root - INFO - Start data Ingestion
[ 2026-01-05 04:10:25,119 ] 66 root - INFO - Performed train test split on the dataframe
[ 2026-01-05 04:10:25,119 ] 68 root - INFO - Exited split_data_as_train_test method of Data_Ingestion class
[ 2026-01-05 04:10:25,120 ] 76 root - INFO - Exporting train and test file path.
[ 2026-01-05 04:10:25,263 ] 85 root - INFO - Exported train and test file path.
[ 2026-01-05 04:10:25,264 ] 45 root - INFO - Data Ingestion completed and artifact: DataIngestionArtifact(trained_file_path='Artifacts\\01_05_2026_04_08_24\\data_ingestion\\ingested\\train.csv', test_file_path='Artifacts\\01_05_2026_04_08_24\\data_ingestion\\ingested\\test.csv')
[ 2026-01-05 04:10:25,280 ] 55 root - INFO - Initiate the data Validation
[ 2026-01-05 04:10:25,394 ] 32 root - INFO - Required number of columns:2
[ 2026-01-05 04:10:25,394 ] 33 root - INFO - Data frame has columns:31
[ 2026-01-05 04:10:25,394 ] 32 root - INFO - Required number of columns:2
[ 2026-01-05 04:10:25,394 ] 33 root - INFO - Data frame has columns:31
[ 2026-01-05 04:10:25,701 ] 63 root - INFO - Entered initiate_data_transformation method of DataTransformation class
[ 2026-01-05 04:10:25,701 ] 65 root - INFO - Starting data transformation
[ 2026-01-05 04:10:25,748 ] 48 root - INFO - Entered get_data_trnasformer_object method of Trnasformation class
[ 2026-01-05 04:10:25,748 ] 53 root - INFO - Initialise KNNImputer with {'missing_values': nan, 'n_neighbors': 3, 'weights': 'uniform'}
[ 2026-01-05 04:10:25,767 ] 46 root - INFO - Entered the save_object method of MainUtils class
[ 2026-01-05 04:10:25,771 ] 50 root - INFO - Exited the save_object method of MainUtils class
[ 2026-01-05 04:10:25,771 ] 46 root - INFO - Entered the save_object method of MainUtils class
[ 2026-01-05 04:10:25,774 ] 50 root - INFO - Exited the save_object method of MainUtils class
[ 2026-01-05 04:18:17,681 ] 46 root - INFO - Entered the save_object method of MainUtils class
[ 2026-01-05 04:18:17,681 ] 50 root - INFO - Exited the save_object method of MainUtils class
[ 2026-01-05 04:18:17,681 ] 46 root - INFO - Entered the save_object method of MainUtils class
[ 2026-01-05 04:18:17,687 ] 50 root - INFO - Exited the save_object method of MainUtils class
[ 2026-01-05 04:18:17,687 ] 152 root - INFO - Model trainer artifact: ModelTrainerArtifact(trained_model_file_path='Artifacts\\01_05_2026_04_08_24\\model_trainer\\trained_model\\model.pkl', train_metric_artifact=ClassificationMetricArtifact(f1_score=0.9905895518591994, precision_score=0.9884275708049944, recall_score=0.9927610114192496), test_metric_artifact=ClassificationMetricArtifact(f1_score=0.9882399840542156, precision_score=0.9872560732775787, recall_score=0.9892258579409418))
